<?xml version="1.0" encoding="UTF-8"?>
<testng-results skipped="0" failed="0" total="1" passed="1">
  <reporter-output>
  </reporter-output>
  <suite name="Default suite" duration-ms="47637" started-at="2017-12-23T18:25:55Z" finished-at="2017-12-23T18:26:43Z">
    <groups>
    </groups>
    <test name="Default test" duration-ms="47637" started-at="2017-12-23T18:25:55Z" finished-at="2017-12-23T18:26:43Z">
      <class name="com.bigbasket.testcases.TC_001_SearchListingPageTestCases">
        <test-method status="PASS" signature="searchListingPageTestCases()[pri:0, instance:com.bigbasket.testcases.TC_001_SearchListingPageTestCases@3e6fa38a]" name="searchListingPageTestCases" duration-ms="47611" started-at="2017-12-23T23:55:55Z" finished-at="2017-12-23T23:56:43Z">
          <reporter-output>
          </reporter-output>
        </test-method> <!-- searchListingPageTestCases -->
      </class> <!-- com.bigbasket.testcases.TC_001_SearchListingPageTestCases -->
    </test> <!-- Default test -->
  </suite> <!-- Default suite -->
</testng-results>
